
****************************************************************
****************************************************************
**                                                            **
**                                                            **
**        CCC     OO      SSS    M    M     OO      SSS       **
**       C       O  O    S       MM  MM    O  O    S          **
**       C       O  O     SS     M MM M    O  O     SS        **
**       C       O  O       S    M    M    O  O       S       **
**        CCC     OO     SSS     M    M     OO     SSS        **
**                                                            **
**                                                            **
**                   Simulations  V2021-B3                    **
**                 Simulation Premium Package                 **
**           Distributed By: SOLIDWORKS Corporation           **
**               6320 Canoga Avenue, Suite 300                **
**               Woodland Hills, California 91367             **
**               Telephone Number (818)673-2200               **
**         Copyright 1988-2018 SOLIDWORKS Corporation         **
**                                                            **
****************************************************************
****************************************************************

Problem name: E:\MIET2510 Mechanical Design\Practical 
Date        : 01/14/2022     Time:   20:21:02


 SYSTEM OF UNITS:
 International System of Units, SI, is used for all input/output data.
 Common Quantities:
 Length:meter, Mass:kilogram, Time:second, Temperature:kelvin
 Force:newton, Pressure also stress:pascal, Energy:joule, Power:watt

 NUMBER OF PHYSICAL CORES USED TO RUN SIMULATION:  4

  C O N T R O L  I N F O R M A T I O N                  

   CURRENT RESTRAINT SET . . . . . . . . . . . (BC_SET)  =           1

   NUMBER OF LOAD CASES  . . . . . . . . . . . (NLCASE)  =           1
   SOLUTION MODE . . . . . . . . . . . . . . . (MODEX)   =           0
      EQ. 0, STATIC ANALYSIS                              
      EQ. 1, BUCKLING ANALYSIS                            
      EQ. 2, DYNAMIC ANALYSIS                             
      EQ. 3, DROP TEST                                    

   SOLVER TYPE . . . . . . . . . . . . . . . . .(ISOL)   =           2
      EQ. 0, DIRECT SPARSE SOLVER                         
      EQ. 1, DIRECT SKYLINE SOLVER                        
      EQ. 2, ITERATIVE SOLVER                             
      EQ. 3, EXPLICIT INTEGRATION                         
      EQ. 4, LARGE PROBLEM DIRECT SPARSE SOLVER           
      EQ. 5, INTEL DIRECT SPARSE SOLVER                   
      EQ. 6, INTEL NETWORK SPARSE SOLVER                  

   ITERATIVE SOLUTION MODE . . . . . . . . . . (IMODE)   =           1
      EQ. 1, GENERAL                                      
      EQ. 2, MEMORY SAVER (FOR TETRA10)                   
      EQ. 3, ULTRA-MEMORY SAVER (FOR TETRA10)             

   SOLVER CONVERGENCE TOLERANCE  . . . . . . . (CONVR)   =   0.100E-03

   THERMAL LOADING FLAG . . . . . . . . . . . .(ITHERM)  =           0
      EQ. 0, NO THERMAL EFFECTS CONSIDERED                
      EQ. 1, ADD TEMPERATURE EFFECT                       
   GRAVITY LOADING FLAG . . . . . . . . . . . .(IGRAV)   =           0
      EQ. 0, NO GRAVITY LOADING CONSIDERED                
      EQ. 1, ADD GRAVITY LOADING EFFECT                   
   CENTRIFUGAL LOADING FLAG . . . . . . . . . .(ICNTRF)  =           0
      EQ. 0, NO CENTRIFUGAL LOADING CONSIDERED            
      EQ. 1, ADD CENTRIFUGAL LOADING EFFECT               
   IN-PLANE STIFFENING FLAG . . . . . . . . . .(INPLN)   =           0
      EQ. 0, NO IN-PLANE EFFECTS CONSIDERED               
      EQ. 1, IN-PLANE EFFECTS CONSIDERED                  
   SOFT SPRING ADDITION FLAG . . . . . . . . . (ISOFT)   =           0
      EQ. 0, NO SOFT SPRING OPTION                        
      EQ. 1, SOFT SPRING ADDED                            

   SAVE DECOMPOSED STIFFNESS MATRIX FLAG . . . (ISAVK)   =           0
      EQ. 0, DO NOT SAVE DECOMPOSED K                     
      EQ. 1, SAVE DECOMPOSED K                            
   FORM STIFFNESS MATRIX FLAG . . . . . . . . .(IFORMK)  =           0
      EQ. 0, FORM STIFFNESS MATRIX                        
      EQ. 1, USE EXISTING DECOMPOSED STIFFNESS MATRIX     

   SPIN SOFTENING FLAG . . . . . . . . . . . . (ISPIN)   =           0
      EQ. 0, NO SPIN SOFTENING EFFECTS CONSIDERED         
      EQ. 1, SPIN SOFTENING EFFECTS CONSIDERED            
   INERTIA RELIEF FLAG  . . . . . . . . . . . .(IFORMK)  =           0
      EQ. 0, NO INERITA RELIEF EFFECTS CONSIDERED         
      EQ. 1, INERITA RELIEF EFFECTS CONSIDERED            
   RIGID CONNECTIONS FLAG  . . . . . . . . . . (IRIGID)  =           0
      EQ. 0, HINGE CONNECTIONS BETWEEN SOLIDS & SHELLS    
      EQ. 1, RIGID CONNECTIONS BETWEEN SOLIDS & SHELLS    


  T O T A L  S Y S T E M  D A T A                        
   NUMBER OF EQUATIONS . . . . . . . . . . . . . .(NEQ)  =       77160
   NUMBER OF ELEMENTS. . . . . . . . . . . . . . .(NUME) =       12819
   NUMBER OF NODAL POINTS. . . . . . . . . . . . .(NUMNP)=       26044




************************************************************************
    D I S P L A C E M E N T     P R I N T O U T    (LOAD CASE     1)
************************************************************************




************************************************************************
    D I S P L A C E M E N T     P R I N T O U T    (LOAD CASE     1)
************************************************************************


  STATUS OF THERMAL EFFECTS FOR THIS LOAD CASE:
  ---------------------------------------------

    - Thermal flag is off (no thermal effect)



  S O L U T I O N   T I M E   L O G   I N   S E C
            FOR PROBLEM
     TIME FOR INPUT PHASE  . . . . . . . . . . . . . . =       0
     TIME FOR CALCULATION OF STRUCTURE STIFFNESS MATRIX=       0
     TIME FOR FFEPLUS (PCG ITERATIVE) SOLVER . . . . . =       1

     TIME FOR AL CONTACT (AND/OR LRG DISP) OPERATIONS (Prep) . . .=       3
     ***** ITERATION NUMBER ***** . . . . . . . . =       1
     TIME FOR AL CONTACT (AND/OR LRG DISP) OPERATIONS (Multiplier)=       0
     TIME FOR CALCULATION OF STRUCTURE STIFFNESS MATRIX . . . . . =     459
     TIME FOR FFEPLUS (PCG ITERATIVE) SOLVER . . . . . . . . . . .=     848
     ***** ITERATION NUMBER ***** . . . . . . . . =       1
     TIME FOR AL CONTACT (AND/OR LRG DISP) OPERATIONS (Multiplier)=       0
     TIME FOR CALCULATION OF STRUCTURE STIFFNESS MATRIX . . . . . =     447
     TIME FOR FFEPLUS (PCG ITERATIVE) SOLVER . . . . . . . . . . .=     917
     TIME FOR AL CONTACT (AND/OR LRG DISP) OPERATIONS (Convrg chk)=       0

     ***** ITERATION NUMBER ***** . . . . . . . . =       2
     TIME FOR AL CONTACT (AND/OR LRG DISP) OPERATIONS (Multiplier)=       0
     TIME FOR CALCULATION OF STRUCTURE STIFFNESS MATRIX . . . . . =     418
     TIME FOR FFEPLUS (PCG ITERATIVE) SOLVER . . . . . . . . . . .=    1207
     TIME FOR AL CONTACT (AND/OR LRG DISP) OPERATIONS (Convrg chk)=       0

     ***** ITERATION NUMBER ***** . . . . . . . . =       3
     TIME FOR AL CONTACT (AND/OR LRG DISP) OPERATIONS (Multiplier)=       0
     TIME FOR CALCULATION OF STRUCTURE STIFFNESS MATRIX . . . . . =     471
     TIME FOR FFEPLUS (PCG ITERATIVE) SOLVER . . . . . . . . . . .=     975
     TIME FOR AL CONTACT (AND/OR LRG DISP) OPERATIONS (Convrg chk)=       0

     ***** ITERATION NUMBER ***** . . . . . . . . =       4
     TIME FOR AL CONTACT (AND/OR LRG DISP) OPERATIONS (Multiplier)=       0
     TIME FOR CALCULATION OF STRUCTURE STIFFNESS MATRIX . . . . . =     552
     TIME FOR FFEPLUS (PCG ITERATIVE) SOLVER . . . . . . . . . . .=    1266
     TIME FOR AL CONTACT (AND/OR LRG DISP) OPERATIONS (Convrg chk)=       1

     ***** ITERATION NUMBER ***** . . . . . . . . =       5
     TIME FOR AL CONTACT (AND/OR LRG DISP) OPERATIONS (Multiplier)=       0
     TIME FOR CALCULATION OF STRUCTURE STIFFNESS MATRIX . . . . . =     449
     TIME FOR FFEPLUS (PCG ITERATIVE) SOLVER . . . . . . . . . . .=     935
     TIME FOR AL CONTACT (AND/OR LRG DISP) OPERATIONS (Convrg chk)=       0



   LOAD FACTOR =   0.3500E+00
   ***************************


             D I S P L A C E M E N T S

     NODE X-DISPL.     Y-DISPL.     Z-DISPL.     XX-ROT.      YY-ROT.      ZZ-ROT.


 MINIMUM/MAXIMUM DISPLACEMENTS

  NODE     18850         1152        14866            0            0            0
  MIN.  -9.39960E-03 -3.84498E-03 -9.33809E-03   0.0000       0.0000       0.0000    

  NODE     18434        20729        18044            0            0            0
  MAX.   9.39494E-03  1.02489E-03  9.33681E-03   0.0000       0.0000       0.0000    

 MAXIMUM RESULTANT DISPLACEMENT

  NODE      1151
  MAX.   1.00712E-02


         R E A C T I O N   F O R C E

  TOTAL   CSYS         FX             FY             FZ
           0        11.75          2.404         -7.389    

 TOTAL STRAIN ENERGY. . . . . . . . . . . =  0.150123E+04



********************************************************************************
 MAXIMUM NODAL VON MISES STRESS & ERROR ESTIMATE FOR LOAD CASE   1
********************************************************************************

  NODE      1462
  MAX.     0.16844E+11
     TIME FOR AL CONTACT (AND/OR LRG DISP) OPERATIONS (Results) . =     499

     TIME FOR AL CONTACT (AND/OR LRG DISP) OPERATIONS (Prep) . . .=       0
     TIME FOR AL CONTACT (AND/OR LRG DISP) OPERATIONS (Multiplier)=       0
     TIME FOR CALCULATION OF STRUCTURE STIFFNESS MATRIX . . . . . =     452
     TIME FOR FFEPLUS (PCG ITERATIVE) SOLVER . . . . . . . . . . .=    1622
     TIME FOR AL CONTACT (AND/OR LRG DISP) OPERATIONS (Convrg chk)=       0

     ***** ITERATION NUMBER ***** . . . . . . . . =       1
     TIME FOR AL CONTACT (AND/OR LRG DISP) OPERATIONS (Multiplier)=       0
     TIME FOR CALCULATION OF STRUCTURE STIFFNESS MATRIX . . . . . =     431
     TIME FOR FFEPLUS (PCG ITERATIVE) SOLVER . . . . . . . . . . .=     886
     TIME FOR AL CONTACT (AND/OR LRG DISP) OPERATIONS (Convrg chk)=       0

     ***** ITERATION NUMBER ***** . . . . . . . . =       2
     TIME FOR AL CONTACT (AND/OR LRG DISP) OPERATIONS (Multiplier)=       0
     TIME FOR CALCULATION OF STRUCTURE STIFFNESS MATRIX . . . . . =     422
     TIME FOR FFEPLUS (PCG ITERATIVE) SOLVER . . . . . . . . . . .=    1077
     TIME FOR AL CONTACT (AND/OR LRG DISP) OPERATIONS (Prep) . . .=       0
     TIME FOR AL CONTACT (AND/OR LRG DISP) OPERATIONS (Multiplier)=       0
     TIME FOR CALCULATION OF STRUCTURE STIFFNESS MATRIX . . . . . =     414
     TIME FOR FFEPLUS (PCG ITERATIVE) SOLVER . . . . . . . . . . .=    1396
     TIME FOR AL CONTACT (AND/OR LRG DISP) OPERATIONS (Convrg chk)=       1

     ***** ITERATION NUMBER ***** . . . . . . . . =       1
     TIME FOR AL CONTACT (AND/OR LRG DISP) OPERATIONS (Multiplier)=       0
     TIME FOR CALCULATION OF STRUCTURE STIFFNESS MATRIX . . . . . =     432
     TIME FOR FFEPLUS (PCG ITERATIVE) SOLVER . . . . . . . . . . .=    1160
     TIME FOR AL CONTACT (AND/OR LRG DISP) OPERATIONS (Convrg chk)=       0

     ***** ITERATION NUMBER ***** . . . . . . . . =       2
     TIME FOR AL CONTACT (AND/OR LRG DISP) OPERATIONS (Multiplier)=       0
     TIME FOR CALCULATION OF STRUCTURE STIFFNESS MATRIX . . . . . =     420
     TIME FOR FFEPLUS (PCG ITERATIVE) SOLVER . . . . . . . . . . .=    1256
     TIME FOR AL CONTACT (AND/OR LRG DISP) OPERATIONS (Convrg chk)=       1

     ***** ITERATION NUMBER ***** . . . . . . . . =       3
     TIME FOR AL CONTACT (AND/OR LRG DISP) OPERATIONS (Multiplier)=       0
     TIME FOR CALCULATION OF STRUCTURE STIFFNESS MATRIX . . . . . =     429
     TIME FOR FFEPLUS (PCG ITERATIVE) SOLVER . . . . . . . . . . .=     987
     TIME FOR AL CONTACT (AND/OR LRG DISP) OPERATIONS (Convrg chk)=       1



   LOAD FACTOR =   0.4328E+00
   ***************************


             D I S P L A C E M E N T S

     NODE X-DISPL.     Y-DISPL.     Z-DISPL.     XX-ROT.      YY-ROT.      ZZ-ROT.


 MINIMUM/MAXIMUM DISPLACEMENTS

  NODE     18850         1152         1982            0            0            0
  MIN.  -1.16537E-02 -5.28179E-03 -1.15827E-02   0.0000       0.0000       0.0000    

  NODE     18434          819         1286            0            0            0
  MAX.   1.16481E-02  1.21837E-03  1.15798E-02   0.0000       0.0000       0.0000    

 MAXIMUM RESULTANT DISPLACEMENT

  NODE      1151
  MAX.   1.26874E-02


         R E A C T I O N   F O R C E

  TOTAL   CSYS         FX             FY             FZ
           0        12.48         0.3052E-03     -12.59    

 TOTAL STRAIN ENERGY. . . . . . . . . . . =  0.229850E+04



********************************************************************************
 MAXIMUM NODAL VON MISES STRESS & ERROR ESTIMATE FOR LOAD CASE   1
********************************************************************************

  NODE      1462
  MAX.     0.20967E+11
     TIME FOR AL CONTACT (AND/OR LRG DISP) OPERATIONS (Results) . =     474

     TIME FOR AL CONTACT (AND/OR LRG DISP) OPERATIONS (Prep) . . .=       0
     TIME FOR AL CONTACT (AND/OR LRG DISP) OPERATIONS (Multiplier)=       0
     TIME FOR CALCULATION OF STRUCTURE STIFFNESS MATRIX . . . . . =     439
     TIME FOR FFEPLUS (PCG ITERATIVE) SOLVER . . . . . . . . . . .=    1434
     TIME FOR AL CONTACT (AND/OR LRG DISP) OPERATIONS (Convrg chk)=       1

     ***** ITERATION NUMBER ***** . . . . . . . . =       1
     TIME FOR AL CONTACT (AND/OR LRG DISP) OPERATIONS (Multiplier)=       0
     TIME FOR CALCULATION OF STRUCTURE STIFFNESS MATRIX . . . . . =     418
     TIME FOR FFEPLUS (PCG ITERATIVE) SOLVER . . . . . . . . . . .=    1069
     TIME FOR AL CONTACT (AND/OR LRG DISP) OPERATIONS (Convrg chk)=       0

     ***** ITERATION NUMBER ***** . . . . . . . . =       2
     TIME FOR AL CONTACT (AND/OR LRG DISP) OPERATIONS (Multiplier)=       0
     TIME FOR CALCULATION OF STRUCTURE STIFFNESS MATRIX . . . . . =     416
     TIME FOR FFEPLUS (PCG ITERATIVE) SOLVER . . . . . . . . . . .=    1438
     TIME FOR AL CONTACT (AND/OR LRG DISP) OPERATIONS (Convrg chk)=       1

     ***** ITERATION NUMBER ***** . . . . . . . . =       3
     TIME FOR AL CONTACT (AND/OR LRG DISP) OPERATIONS (Multiplier)=       0
     TIME FOR CALCULATION OF STRUCTURE STIFFNESS MATRIX . . . . . =     450
     TIME FOR FFEPLUS (PCG ITERATIVE) SOLVER . . . . . . . . . . .=    1034
     TIME FOR AL CONTACT (AND/OR LRG DISP) OPERATIONS (Convrg chk)=       0



   LOAD FACTOR =   0.5363E+00
   ***************************


             D I S P L A C E M E N T S

     NODE X-DISPL.     Y-DISPL.     Z-DISPL.     XX-ROT.      YY-ROT.      ZZ-ROT.


 MINIMUM/MAXIMUM DISPLACEMENTS

  NODE      1145         1152         1982            0            0            0
  MIN.  -1.44423E-02 -7.04264E-03 -1.43639E-02   0.0000       0.0000       0.0000    

  NODE      1943          819         1286            0            0            0
  MAX.   1.44352E-02  1.41875E-03  1.43580E-02   0.0000       0.0000       0.0000    

 MAXIMUM RESULTANT DISPLACEMENT

  NODE      1151
  MAX.   1.59273E-02


         R E A C T I O N   F O R C E

  TOTAL   CSYS         FX             FY             FZ
           0        15.63         0.1707         -15.58    

 TOTAL STRAIN ENERGY. . . . . . . . . . . =  0.351715E+04



********************************************************************************
 MAXIMUM NODAL VON MISES STRESS & ERROR ESTIMATE FOR LOAD CASE   1
********************************************************************************

  NODE      1462
  MAX.     0.26073E+11
     TIME FOR AL CONTACT (AND/OR LRG DISP) OPERATIONS (Results) . =     506

     TIME FOR AL CONTACT (AND/OR LRG DISP) OPERATIONS (Prep) . . .=       0
     TIME FOR AL CONTACT (AND/OR LRG DISP) OPERATIONS (Multiplier)=       0
     TIME FOR CALCULATION OF STRUCTURE STIFFNESS MATRIX . . . . . =     417
     TIME FOR FFEPLUS (PCG ITERATIVE) SOLVER . . . . . . . . . . .=    1556
     TIME FOR AL CONTACT (AND/OR LRG DISP) OPERATIONS (Convrg chk)=       0

     ***** ITERATION NUMBER ***** . . . . . . . . =       1
     TIME FOR AL CONTACT (AND/OR LRG DISP) OPERATIONS (Multiplier)=       0
     TIME FOR CALCULATION OF STRUCTURE STIFFNESS MATRIX . . . . . =     436
     TIME FOR FFEPLUS (PCG ITERATIVE) SOLVER . . . . . . . . . . .=     880
     TIME FOR AL CONTACT (AND/OR LRG DISP) OPERATIONS (Convrg chk)=       0

     ***** ITERATION NUMBER ***** . . . . . . . . =       2
     TIME FOR AL CONTACT (AND/OR LRG DISP) OPERATIONS (Multiplier)=       0
     TIME FOR CALCULATION OF STRUCTURE STIFFNESS MATRIX . . . . . =     432
     TIME FOR FFEPLUS (PCG ITERATIVE) SOLVER . . . . . . . . . . .=    2119
     TIME FOR AL CONTACT (AND/OR LRG DISP) OPERATIONS (Convrg chk)=       0

     ***** ITERATION NUMBER ***** . . . . . . . . =       3
     TIME FOR AL CONTACT (AND/OR LRG DISP) OPERATIONS (Multiplier)=       0
     TIME FOR CALCULATION OF STRUCTURE STIFFNESS MATRIX . . . . . =     433
     TIME FOR FFEPLUS (PCG ITERATIVE) SOLVER . . . . . . . . . . .=    1295
     TIME FOR AL CONTACT (AND/OR LRG DISP) OPERATIONS (Convrg chk)=       1



   LOAD FACTOR =   0.6657E+00
   ***************************


             D I S P L A C E M E N T S

     NODE X-DISPL.     Y-DISPL.     Z-DISPL.     XX-ROT.      YY-ROT.      ZZ-ROT.


 MINIMUM/MAXIMUM DISPLACEMENTS

  NODE      1145        18801        14863            0            0            0
  MIN.  -1.79017E-02 -9.43619E-03 -1.78446E-02   0.0000       0.0000       0.0000    

  NODE      1943          981        18042            0            0            0
  MAX.   1.78716E-02  1.64643E-03  1.77664E-02   0.0000       0.0000       0.0000    

 MAXIMUM RESULTANT DISPLACEMENT

  NODE      1152
  MAX.   1.99998E-02


         R E A C T I O N   F O R C E

  TOTAL   CSYS         FX             FY             FZ
           0        19.06          2.352         -19.15    

 TOTAL STRAIN ENERGY. . . . . . . . . . . =  0.537595E+04



********************************************************************************
 MAXIMUM NODAL VON MISES STRESS & ERROR ESTIMATE FOR LOAD CASE   1
********************************************************************************

  NODE      1761
  MAX.     0.32350E+11
     TIME FOR AL CONTACT (AND/OR LRG DISP) OPERATIONS (Results) . =     507

     TIME FOR AL CONTACT (AND/OR LRG DISP) OPERATIONS (Prep) . . .=       0
     TIME FOR AL CONTACT (AND/OR LRG DISP) OPERATIONS (Multiplier)=       0
     TIME FOR CALCULATION OF STRUCTURE STIFFNESS MATRIX . . . . . =     444
     TIME FOR FFEPLUS (PCG ITERATIVE) SOLVER . . . . . . . . . . .=    2132
     TIME FOR AL CONTACT (AND/OR LRG DISP) OPERATIONS (Convrg chk)=       0

     ***** ITERATION NUMBER ***** . . . . . . . . =       1
     TIME FOR AL CONTACT (AND/OR LRG DISP) OPERATIONS (Multiplier)=       0
     TIME FOR CALCULATION OF STRUCTURE STIFFNESS MATRIX . . . . . =     413
     TIME FOR FFEPLUS (PCG ITERATIVE) SOLVER . . . . . . . . . . .=     826
     TIME FOR AL CONTACT (AND/OR LRG DISP) OPERATIONS (Convrg chk)=       1

     ***** ITERATION NUMBER ***** . . . . . . . . =       2
     TIME FOR AL CONTACT (AND/OR LRG DISP) OPERATIONS (Multiplier)=       0
     TIME FOR CALCULATION OF STRUCTURE STIFFNESS MATRIX . . . . . =     451
     TIME FOR FFEPLUS (PCG ITERATIVE) SOLVER . . . . . . . . . . .=    2060
     TIME FOR AL CONTACT (AND/OR LRG DISP) OPERATIONS (Convrg chk)=       0

     ***** ITERATION NUMBER ***** . . . . . . . . =       3
     TIME FOR AL CONTACT (AND/OR LRG DISP) OPERATIONS (Multiplier)=       0
     TIME FOR CALCULATION OF STRUCTURE STIFFNESS MATRIX . . . . . =     439
     TIME FOR FFEPLUS (PCG ITERATIVE) SOLVER . . . . . . . . . . .=    1305
     TIME FOR AL CONTACT (AND/OR LRG DISP) OPERATIONS (Convrg chk)=       0

     ***** ITERATION NUMBER ***** . . . . . . . . =       4
     TIME FOR AL CONTACT (AND/OR LRG DISP) OPERATIONS (Multiplier)=       0
     TIME FOR CALCULATION OF STRUCTURE STIFFNESS MATRIX . . . . . =     420
     TIME FOR FFEPLUS (PCG ITERATIVE) SOLVER . . . . . . . . . . .=    2078
     TIME FOR AL CONTACT (AND/OR LRG DISP) OPERATIONS (Convrg chk)=       1

     ***** ITERATION NUMBER ***** . . . . . . . . =       5
     TIME FOR AL CONTACT (AND/OR LRG DISP) OPERATIONS (Multiplier)=       0
     TIME FOR CALCULATION OF STRUCTURE STIFFNESS MATRIX . . . . . =     418
     TIME FOR FFEPLUS (PCG ITERATIVE) SOLVER . . . . . . . . . . .=    1374
     TIME FOR AL CONTACT (AND/OR LRG DISP) OPERATIONS (Convrg chk)=       0

     ***** ITERATION NUMBER ***** . . . . . . . . =       6
     TIME FOR AL CONTACT (AND/OR LRG DISP) OPERATIONS (Multiplier)=       0
     TIME FOR CALCULATION OF STRUCTURE STIFFNESS MATRIX . . . . . =     435
     TIME FOR FFEPLUS (PCG ITERATIVE) SOLVER . . . . . . . . . . .=    2465
     TIME FOR AL CONTACT (AND/OR LRG DISP) OPERATIONS (Convrg chk)=       0

     ***** ITERATION NUMBER ***** . . . . . . . . =       7
     TIME FOR AL CONTACT (AND/OR LRG DISP) OPERATIONS (Multiplier)=       0
     TIME FOR CALCULATION OF STRUCTURE STIFFNESS MATRIX . . . . . =     427
     TIME FOR FFEPLUS (PCG ITERATIVE) SOLVER . . . . . . . . . . .=    1528
     TIME FOR AL CONTACT (AND/OR LRG DISP) OPERATIONS (Convrg chk)=       0



   LOAD FACTOR =   0.8274E+00
   ***************************


             D I S P L A C E M E N T S

     NODE X-DISPL.     Y-DISPL.     Z-DISPL.     XX-ROT.      YY-ROT.      ZZ-ROT.


 MINIMUM/MAXIMUM DISPLACEMENTS

  NODE      1143        18766         1986            0            0            0
  MIN.  -2.40181E-02 -1.89506E-02 -2.42509E-02   0.0000       0.0000       0.0000    

  NODE      1945        14340         1257            0            0            0
  MAX.   2.39649E-02  7.11030E-03  2.26156E-02   0.0000       0.0000       0.0000    

 MAXIMUM RESULTANT DISPLACEMENT

  NODE      1184
  MAX.   2.96647E-02


         R E A C T I O N   F O R C E

  TOTAL   CSYS         FX             FY             FZ
           0        23.97         -.3659         -24.08    

 TOTAL STRAIN ENERGY. . . . . . . . . . . =  0.899869E+04



********************************************************************************
 MAXIMUM NODAL VON MISES STRESS & ERROR ESTIMATE FOR LOAD CASE   1
********************************************************************************

  NODE      1430
  MAX.     0.44368E+11
     TIME FOR AL CONTACT (AND/OR LRG DISP) OPERATIONS (Results) . =     507

     TIME FOR AL CONTACT (AND/OR LRG DISP) OPERATIONS (Prep) . . .=       0
     TIME FOR AL CONTACT (AND/OR LRG DISP) OPERATIONS (Multiplier)=       0
     TIME FOR CALCULATION OF STRUCTURE STIFFNESS MATRIX . . . . . =     420
     TIME FOR FFEPLUS (PCG ITERATIVE) SOLVER . . . . . . . . . . .=    3001
     TIME FOR AL CONTACT (AND/OR LRG DISP) OPERATIONS (Convrg chk)=       0

     ***** ITERATION NUMBER ***** . . . . . . . . =       1
     TIME FOR AL CONTACT (AND/OR LRG DISP) OPERATIONS (Multiplier)=       0
     TIME FOR CALCULATION OF STRUCTURE STIFFNESS MATRIX . . . . . =     418
     TIME FOR FFEPLUS (PCG ITERATIVE) SOLVER . . . . . . . . . . .=    1007
     TIME FOR AL CONTACT (AND/OR LRG DISP) OPERATIONS (Convrg chk)=       1

     ***** ITERATION NUMBER ***** . . . . . . . . =       2
     TIME FOR AL CONTACT (AND/OR LRG DISP) OPERATIONS (Multiplier)=       0
     TIME FOR CALCULATION OF STRUCTURE STIFFNESS MATRIX . . . . . =     430
     TIME FOR FFEPLUS (PCG ITERATIVE) SOLVER . . . . . . . . . . .=    2329
     TIME FOR AL CONTACT (AND/OR LRG DISP) OPERATIONS (Convrg chk)=       1

     ***** ITERATION NUMBER ***** . . . . . . . . =       3
     TIME FOR AL CONTACT (AND/OR LRG DISP) OPERATIONS (Multiplier)=       0
     TIME FOR CALCULATION OF STRUCTURE STIFFNESS MATRIX . . . . . =     416
     TIME FOR FFEPLUS (PCG ITERATIVE) SOLVER . . . . . . . . . . .=    1502
     TIME FOR AL CONTACT (AND/OR LRG DISP) OPERATIONS (Convrg chk)=       0

     ***** ITERATION NUMBER ***** . . . . . . . . =       4
     TIME FOR AL CONTACT (AND/OR LRG DISP) OPERATIONS (Multiplier)=       0
     TIME FOR CALCULATION OF STRUCTURE STIFFNESS MATRIX . . . . . =     411
     TIME FOR FFEPLUS (PCG ITERATIVE) SOLVER . . . . . . . . . . .=    2729
     TIME FOR AL CONTACT (AND/OR LRG DISP) OPERATIONS (Convrg chk)=       0

     ***** ITERATION NUMBER ***** . . . . . . . . =       5
     TIME FOR AL CONTACT (AND/OR LRG DISP) OPERATIONS (Multiplier)=       0
     TIME FOR CALCULATION OF STRUCTURE STIFFNESS MATRIX . . . . . =     453
     TIME FOR FFEPLUS (PCG ITERATIVE) SOLVER . . . . . . . . . . .=    2047
     TIME FOR AL CONTACT (AND/OR LRG DISP) OPERATIONS (Convrg chk)=       1



   LOAD FACTOR =   0.1000E+01
   ***************************


             D I S P L A C E M E N T S

     NODE X-DISPL.     Y-DISPL.     Z-DISPL.     XX-ROT.      YY-ROT.      ZZ-ROT.


 MINIMUM/MAXIMUM DISPLACEMENTS

  NODE     18870        15113         1988            0            0            0
  MIN.  -3.15860E-02 -2.52765E-02 -3.21647E-02   0.0000       0.0000       0.0000    

  NODE     15022        15379         1250            0            0            0
  MAX.   3.14595E-02  1.26224E-02  2.90309E-02   0.0000       0.0000       0.0000    

 MAXIMUM RESULTANT DISPLACEMENT

  NODE      1183
  MAX.   3.89007E-02


         R E A C T I O N   F O R C E

  TOTAL   CSYS         FX             FY             FZ
           0        28.99         0.7913         -28.52    

 TOTAL STRAIN ENERGY. . . . . . . . . . . =  0.141857E+05



********************************************************************************
 MAXIMUM NODAL VON MISES STRESS & ERROR ESTIMATE FOR LOAD CASE   1
********************************************************************************

  NODE      1430
  MAX.     0.56880E+11



   E R R O R    E S T I M A T I O N
   (for requested elements)

   Total Strain Energy (TSE)        =  0.141857E+05
   Total Error Energy (TEE)         =  0.752806E+03
   Ave. Percentage Error (APE)      =  0.160773E+02
     ( APE =  sqrt (TEE/(TSE*2. + TEE)) * 100. )
     TIME FOR AL CONTACT (AND/OR LRG DISP) OPERATIONS (Results) . =     568


  S O L U T I O N   T I M E   L O G   I N   S E C
            FOR PROBLEM
     TIME FOR INPUT PHASE  . . . . . . . . . . . . . . =       0
     TIME FOR CALCULATION OF STRUCTURE STIFFNESS MATRIX=      15
     TIME FOR FFEPLUS (PCG ITERATIVE) SOLVER . . . . . =      53
     TIME FOR AL CONTACT (AND/OR LARGE DISP) OPERATIONS=       3
     TIME FOR REACTION FORCE & DISP UPDATE TO POST . . =       0
     TIME FOR STRESS CALCULATION . . . . . . . . . . . =       0
     TIME FOR LOAD CASE SOLUTIONS  . . . . . . . . . . =       0
      T O T A L   S O L U T I O N   T I M E  . . . . . =      72



T O T A L   S O L U T I O N   T I M E (sec) . . . . =      72
